<?xml version="1.0" encoding="UTF-8"?>
<testsuite name="com.stock.spring.domain.company.CompanyInfoTest" tests="1" skipped="0" failures="0" errors="0" timestamp="2021-05-07T13:39:21" hostname="LAPTOP-QGCA3KIE" time="0.38">
  <properties/>
  <testcase name="디비테이블생성테스트" classname="com.stock.spring.domain.company.CompanyInfoTest" time="0.38"/>
  <system-out><![CDATA[22:39:17.122 [Test worker] DEBUG org.springframework.test.context.junit4.SpringJUnit4ClassRunner - SpringJUnit4ClassRunner constructor called with [class com.stock.spring.domain.company.CompanyInfoTest]
22:39:17.130 [Test worker] DEBUG org.springframework.test.context.BootstrapUtils - Instantiating CacheAwareContextLoaderDelegate from class [org.springframework.test.context.cache.DefaultCacheAwareContextLoaderDelegate]
22:39:17.135 [Test worker] DEBUG org.springframework.test.context.BootstrapUtils - Instantiating BootstrapContext using constructor [public org.springframework.test.context.support.DefaultBootstrapContext(java.lang.Class,org.springframework.test.context.CacheAwareContextLoaderDelegate)]
22:39:17.147 [Test worker] DEBUG org.springframework.test.context.BootstrapUtils - Instantiating TestContextBootstrapper for test class [com.stock.spring.domain.company.CompanyInfoTest] from class [org.springframework.boot.test.context.SpringBootTestContextBootstrapper]
22:39:17.155 [Test worker] INFO org.springframework.boot.test.context.SpringBootTestContextBootstrapper - Neither @ContextConfiguration nor @ContextHierarchy found for test class [com.stock.spring.domain.company.CompanyInfoTest], using SpringBootContextLoader
22:39:17.157 [Test worker] DEBUG org.springframework.test.context.support.AbstractContextLoader - Did not detect default resource location for test class [com.stock.spring.domain.company.CompanyInfoTest]: class path resource [com/stock/spring/domain/company/CompanyInfoTest-context.xml] does not exist
22:39:17.157 [Test worker] DEBUG org.springframework.test.context.support.AbstractContextLoader - Did not detect default resource location for test class [com.stock.spring.domain.company.CompanyInfoTest]: class path resource [com/stock/spring/domain/company/CompanyInfoTestContext.groovy] does not exist
22:39:17.158 [Test worker] INFO org.springframework.test.context.support.AbstractContextLoader - Could not detect default resource locations for test class [com.stock.spring.domain.company.CompanyInfoTest]: no resource found for suffixes {-context.xml, Context.groovy}.
22:39:17.158 [Test worker] INFO org.springframework.test.context.support.AnnotationConfigContextLoaderUtils - Could not detect default configuration classes for test class [com.stock.spring.domain.company.CompanyInfoTest]: CompanyInfoTest does not declare any static, non-private, non-final, nested classes annotated with @Configuration.
22:39:17.189 [Test worker] DEBUG org.springframework.test.context.support.ActiveProfilesUtils - Could not find an 'annotation declaring class' for annotation type [org.springframework.test.context.ActiveProfiles] and class [com.stock.spring.domain.company.CompanyInfoTest]
22:39:17.249 [Test worker] DEBUG org.springframework.context.annotation.ClassPathScanningCandidateComponentProvider - Identified candidate component class: file [D:\java\stock-backend\build\classes\java\main\com\stock\spring\Application.class]
22:39:17.250 [Test worker] INFO org.springframework.boot.test.context.SpringBootTestContextBootstrapper - Found @SpringBootConfiguration com.stock.spring.Application for test class com.stock.spring.domain.company.CompanyInfoTest
22:39:17.339 [Test worker] DEBUG org.springframework.boot.test.context.SpringBootTestContextBootstrapper - @TestExecutionListeners is not present for class [com.stock.spring.domain.company.CompanyInfoTest]: using defaults.
22:39:17.339 [Test worker] INFO org.springframework.boot.test.context.SpringBootTestContextBootstrapper - Loaded default TestExecutionListener class names from location [META-INF/spring.factories]: [org.springframework.boot.test.autoconfigure.restdocs.RestDocsTestExecutionListener, org.springframework.boot.test.autoconfigure.web.client.MockRestServiceServerResetTestExecutionListener, org.springframework.boot.test.autoconfigure.web.servlet.MockMvcPrintOnlyOnFailureTestExecutionListener, org.springframework.boot.test.autoconfigure.web.servlet.WebDriverTestExecutionListener, org.springframework.boot.test.mock.mockito.MockitoTestExecutionListener, org.springframework.boot.test.mock.mockito.ResetMocksTestExecutionListener, org.springframework.test.context.web.ServletTestExecutionListener, org.springframework.test.context.support.DirtiesContextBeforeModesTestExecutionListener, org.springframework.test.context.support.DependencyInjectionTestExecutionListener, org.springframework.test.context.support.DirtiesContextTestExecutionListener, org.springframework.test.context.transaction.TransactionalTestExecutionListener, org.springframework.test.context.jdbc.SqlScriptsTestExecutionListener]
22:39:17.353 [Test worker] INFO org.springframework.boot.test.context.SpringBootTestContextBootstrapper - Using TestExecutionListeners: [org.springframework.test.context.web.ServletTestExecutionListener@77a39454, org.springframework.test.context.support.DirtiesContextBeforeModesTestExecutionListener@567636aa, org.springframework.boot.test.mock.mockito.MockitoTestExecutionListener@7d27ac18, org.springframework.boot.test.autoconfigure.SpringBootDependencyInjectionTestExecutionListener@b882093, org.springframework.test.context.support.DirtiesContextTestExecutionListener@60e21482, org.springframework.test.context.transaction.TransactionalTestExecutionListener@746bd52, org.springframework.test.context.jdbc.SqlScriptsTestExecutionListener@47c196ce, org.springframework.boot.test.autoconfigure.restdocs.RestDocsTestExecutionListener@d07ba1d, org.springframework.boot.test.autoconfigure.web.client.MockRestServiceServerResetTestExecutionListener@7d31e93b, org.springframework.boot.test.autoconfigure.web.servlet.MockMvcPrintOnlyOnFailureTestExecutionListener@4faf77e2, org.springframework.boot.test.autoconfigure.web.servlet.WebDriverTestExecutionListener@413ff3f, org.springframework.boot.test.mock.mockito.ResetMocksTestExecutionListener@34747af2]
22:39:17.356 [Test worker] DEBUG org.springframework.test.annotation.ProfileValueUtils - Retrieved @ProfileValueSourceConfiguration [null] for test class [com.stock.spring.domain.company.CompanyInfoTest]
22:39:17.357 [Test worker] DEBUG org.springframework.test.annotation.ProfileValueUtils - Retrieved ProfileValueSource type [class org.springframework.test.annotation.SystemProfileValueSource] for class [com.stock.spring.domain.company.CompanyInfoTest]
22:39:17.360 [Test worker] DEBUG org.springframework.test.annotation.ProfileValueUtils - Retrieved @ProfileValueSourceConfiguration [null] for test class [com.stock.spring.domain.company.CompanyInfoTest]
22:39:17.361 [Test worker] DEBUG org.springframework.test.annotation.ProfileValueUtils - Retrieved ProfileValueSource type [class org.springframework.test.annotation.SystemProfileValueSource] for class [com.stock.spring.domain.company.CompanyInfoTest]
22:39:17.361 [Test worker] DEBUG org.springframework.test.annotation.ProfileValueUtils - Retrieved @ProfileValueSourceConfiguration [null] for test class [com.stock.spring.domain.company.CompanyInfoTest]
22:39:17.361 [Test worker] DEBUG org.springframework.test.annotation.ProfileValueUtils - Retrieved ProfileValueSource type [class org.springframework.test.annotation.SystemProfileValueSource] for class [com.stock.spring.domain.company.CompanyInfoTest]
22:39:17.364 [Test worker] DEBUG org.springframework.test.context.support.AbstractDirtiesContextTestExecutionListener - Before test class: context [DefaultTestContext@41c057bb testClass = CompanyInfoTest, testInstance = [null], testMethod = [null], testException = [null], mergedContextConfiguration = [WebMergedContextConfiguration@52a53675 testClass = CompanyInfoTest, locations = '{}', classes = '{class com.stock.spring.Application}', contextInitializerClasses = '[]', activeProfiles = '{}', propertySourceLocations = '{}', propertySourceProperties = '{org.springframework.boot.test.context.SpringBootTestContextBootstrapper=true}', contextCustomizers = set[org.springframework.boot.test.autoconfigure.properties.PropertyMappingContextCustomizer@0, org.springframework.boot.test.autoconfigure.web.servlet.WebDriverContextCustomizerFactory$Customizer@62eb96e1, org.springframework.boot.test.context.filter.ExcludeFilterContextCustomizer@5d8aa163, org.springframework.boot.test.json.DuplicateJsonObjectContextCustomizerFactory$DuplicateJsonObjectContextCustomizer@290285d7, org.springframework.boot.test.mock.mockito.MockitoContextCustomizer@0, org.springframework.boot.test.web.client.TestRestTemplateContextCustomizer@8dea1f6], resourceBasePath = 'src/main/webapp', contextLoader = 'org.springframework.boot.test.context.SpringBootContextLoader', parent = [null]], attributes = map['org.springframework.test.context.web.ServletTestExecutionListener.activateListener' -> true]], class annotated with @DirtiesContext [false] with mode [null].
22:39:17.364 [Test worker] DEBUG org.springframework.test.annotation.ProfileValueUtils - Retrieved @ProfileValueSourceConfiguration [null] for test class [com.stock.spring.domain.company.CompanyInfoTest]
22:39:17.365 [Test worker] DEBUG org.springframework.test.annotation.ProfileValueUtils - Retrieved ProfileValueSource type [class org.springframework.test.annotation.SystemProfileValueSource] for class [com.stock.spring.domain.company.CompanyInfoTest]
22:39:17.377 [Test worker] DEBUG org.springframework.test.context.support.TestPropertySourceUtils - Adding inlined properties to environment: {spring.jmx.enabled=false, org.springframework.boot.test.context.SpringBootTestContextBootstrapper=true, server.port=-1}

  .   ____          _            __ _ _
 /\\ / ___'_ __ _ _(_)_ __  __ _ \ \ \ \
( ( )\___ | '_ | '_| | '_ \/ _` | \ \ \ \
 \\/  ___)| |_)| | | | | || (_| |  ) ) ) )
  '  |____| .__|_| |_|_| |_\__, | / / / /
 =========|_|==============|___/=/_/_/_/
 :: Spring Boot ::        (v2.1.9.RELEASE)

2021-05-07 22:39:17.632  INFO 428 --- [    Test worker] c.s.s.domain.company.CompanyInfoTest     : Starting CompanyInfoTest on LAPTOP-QGCA3KIE with PID 428 (started by 82107 in D:\java\stock-backend)
2021-05-07 22:39:17.633  INFO 428 --- [    Test worker] c.s.s.domain.company.CompanyInfoTest     : No active profile set, falling back to default profiles: default
2021-05-07 22:39:18.223  INFO 428 --- [    Test worker] .s.d.r.c.RepositoryConfigurationDelegate : Bootstrapping Spring Data repositories in DEFAULT mode.
2021-05-07 22:39:18.265  INFO 428 --- [    Test worker] .s.d.r.c.RepositoryConfigurationDelegate : Finished Spring Data repository scanning in 35ms. Found 1 repository interfaces.
2021-05-07 22:39:18.632  INFO 428 --- [    Test worker] trationDelegate$BeanPostProcessorChecker : Bean 'org.springframework.transaction.annotation.ProxyTransactionManagementConfiguration' of type [org.springframework.transaction.annotation.ProxyTransactionManagementConfiguration$$EnhancerBySpringCGLIB$$b342a9d] is not eligible for getting processed by all BeanPostProcessors (for example: not eligible for auto-proxying)
2021-05-07 22:39:18.806  INFO 428 --- [    Test worker] com.zaxxer.hikari.HikariDataSource       : HikariPool-1 - Starting...
2021-05-07 22:39:18.855  INFO 428 --- [    Test worker] com.zaxxer.hikari.HikariDataSource       : HikariPool-1 - Start completed.
2021-05-07 22:39:18.912  INFO 428 --- [    Test worker] o.hibernate.jpa.internal.util.LogHelper  : HHH000204: Processing PersistenceUnitInfo [
	name: default
	...]
2021-05-07 22:39:18.958  INFO 428 --- [    Test worker] org.hibernate.Version                    : HHH000412: Hibernate Core {5.3.12.Final}
2021-05-07 22:39:18.959  INFO 428 --- [    Test worker] org.hibernate.cfg.Environment            : HHH000206: hibernate.properties not found
2021-05-07 22:39:19.108  INFO 428 --- [    Test worker] o.hibernate.annotations.common.Version   : HCANN000001: Hibernate Commons Annotations {5.0.4.Final}
2021-05-07 22:39:19.226  INFO 428 --- [    Test worker] org.hibernate.dialect.Dialect            : HHH000400: Using dialect: org.hibernate.dialect.MySQL5InnoDBDialect
Hibernate: drop table if exists company_info
Hibernate: create table company_info (id bigint not null auto_increment, company_id varchar(255) not null, market varchar(255) not null, name varchar(255) not null, primary key (id)) engine=InnoDB
2021-05-07 22:39:19.729  INFO 428 --- [    Test worker] o.h.t.schema.internal.SchemaCreatorImpl  : HHH000476: Executing import script 'org.hibernate.tool.schema.internal.exec.ScriptSourceInputNonExistentImpl@6d4d42f3'
2021-05-07 22:39:19.730  INFO 428 --- [    Test worker] j.LocalContainerEntityManagerFactoryBean : Initialized JPA EntityManagerFactory for persistence unit 'default'
2021-05-07 22:39:20.505  INFO 428 --- [    Test worker] o.s.s.concurrent.ThreadPoolTaskExecutor  : Initializing ExecutorService 'applicationTaskExecutor'
2021-05-07 22:39:20.553  WARN 428 --- [    Test worker] aWebConfiguration$JpaWebMvcConfiguration : spring.jpa.open-in-view is enabled by default. Therefore, database queries may be performed during view rendering. Explicitly configure spring.jpa.open-in-view to disable this warning
2021-05-07 22:39:20.684  WARN 428 --- [    Test worker] o.s.b.a.m.MustacheAutoConfiguration      : Cannot find template location: classpath:/templates/ (please add some templates, check your Mustache configuration, or set spring.mustache.check-template-location=false)
2021-05-07 22:39:20.959  INFO 428 --- [    Test worker] .s.s.UserDetailsServiceAutoConfiguration : 

Using generated security password: 569555f7-2bec-4a28-8df2-22763326f6f6

2021-05-07 22:39:21.111  INFO 428 --- [    Test worker] o.s.s.web.DefaultSecurityFilterChain     : Creating filter chain: any request, [org.springframework.security.web.context.request.async.WebAsyncManagerIntegrationFilter@78b1e1cb, org.springframework.security.web.context.SecurityContextPersistenceFilter@d418ef8, org.springframework.security.web.header.HeaderWriterFilter@47c10760, org.springframework.security.web.csrf.CsrfFilter@59ed9bc2, org.springframework.security.web.authentication.logout.LogoutFilter@6acf39be, org.springframework.security.web.authentication.UsernamePasswordAuthenticationFilter@43f989d3, org.springframework.security.web.authentication.ui.DefaultLoginPageGeneratingFilter@4035c675, org.springframework.security.web.authentication.ui.DefaultLogoutPageGeneratingFilter@5693b47c, org.springframework.security.web.authentication.www.BasicAuthenticationFilter@3c1301e5, org.springframework.security.web.savedrequest.RequestCacheAwareFilter@715faab7, org.springframework.security.web.servletapi.SecurityContextHolderAwareRequestFilter@1bd6b1a5, org.springframework.security.web.authentication.AnonymousAuthenticationFilter@1d9394cb, org.springframework.security.web.session.SessionManagementFilter@173325eb, org.springframework.security.web.access.ExceptionTranslationFilter@731bc787, org.springframework.security.web.access.intercept.FilterSecurityInterceptor@3c95c714]
2021-05-07 22:39:21.290  INFO 428 --- [    Test worker] s.a.ScheduledAnnotationBeanPostProcessor : No TaskScheduler/ScheduledExecutorService bean found for scheduled processing
2021-05-07 22:39:21.305  INFO 428 --- [    Test worker] c.s.s.domain.company.CompanyInfoTest     : Started CompanyInfoTest in 3.92 seconds (JVM running for 5.208)
Hibernate: insert into company_info (company_id, market, name) values (?, ?, ?)
2021-05-07 22:39:21.546  INFO 428 --- [    Test worker] o.h.h.i.QueryTranslatorFactoryInitiator  : HHH000397: Using ASTQueryTranslatorFactory
Hibernate: select companyinf0_.id as id1_0_, companyinf0_.company_id as company_2_0_, companyinf0_.market as market3_0_, companyinf0_.name as name4_0_ from company_info companyinf0_
]]></system-out>
  <system-err><![CDATA[]]></system-err>
</testsuite>
