<?xml version="1.0" encoding="UTF-8"?>
<testsuite name="com.stock.spring.domain.company.CompanyInfoTest" tests="1" skipped="0" failures="0" errors="0" timestamp="2021-05-07T15:12:58" hostname="DESKTOP-7JD9H7O" time="0.81">
  <properties/>
  <testcase name="디비테이블생성테스트" classname="com.stock.spring.domain.company.CompanyInfoTest" time="0.81"/>
  <system-out><![CDATA[00:12:47.230 [Test worker] DEBUG org.springframework.test.context.junit4.SpringJUnit4ClassRunner - SpringJUnit4ClassRunner constructor called with [class com.stock.spring.domain.company.CompanyInfoTest]
00:12:47.251 [Test worker] DEBUG org.springframework.test.context.BootstrapUtils - Instantiating CacheAwareContextLoaderDelegate from class [org.springframework.test.context.cache.DefaultCacheAwareContextLoaderDelegate]
00:12:47.270 [Test worker] DEBUG org.springframework.test.context.BootstrapUtils - Instantiating BootstrapContext using constructor [public org.springframework.test.context.support.DefaultBootstrapContext(java.lang.Class,org.springframework.test.context.CacheAwareContextLoaderDelegate)]
00:12:47.300 [Test worker] DEBUG org.springframework.test.context.BootstrapUtils - Instantiating TestContextBootstrapper for test class [com.stock.spring.domain.company.CompanyInfoTest] from class [org.springframework.boot.test.context.SpringBootTestContextBootstrapper]
00:12:47.339 [Test worker] INFO org.springframework.boot.test.context.SpringBootTestContextBootstrapper - Neither @ContextConfiguration nor @ContextHierarchy found for test class [com.stock.spring.domain.company.CompanyInfoTest], using SpringBootContextLoader
00:12:47.351 [Test worker] DEBUG org.springframework.test.context.support.AbstractContextLoader - Did not detect default resource location for test class [com.stock.spring.domain.company.CompanyInfoTest]: class path resource [com/stock/spring/domain/company/CompanyInfoTest-context.xml] does not exist
00:12:47.353 [Test worker] DEBUG org.springframework.test.context.support.AbstractContextLoader - Did not detect default resource location for test class [com.stock.spring.domain.company.CompanyInfoTest]: class path resource [com/stock/spring/domain/company/CompanyInfoTestContext.groovy] does not exist
00:12:47.354 [Test worker] INFO org.springframework.test.context.support.AbstractContextLoader - Could not detect default resource locations for test class [com.stock.spring.domain.company.CompanyInfoTest]: no resource found for suffixes {-context.xml, Context.groovy}.
00:12:47.356 [Test worker] INFO org.springframework.test.context.support.AnnotationConfigContextLoaderUtils - Could not detect default configuration classes for test class [com.stock.spring.domain.company.CompanyInfoTest]: CompanyInfoTest does not declare any static, non-private, non-final, nested classes annotated with @Configuration.
00:12:47.449 [Test worker] DEBUG org.springframework.test.context.support.ActiveProfilesUtils - Could not find an 'annotation declaring class' for annotation type [org.springframework.test.context.ActiveProfiles] and class [com.stock.spring.domain.company.CompanyInfoTest]
00:12:47.563 [Test worker] DEBUG org.springframework.context.annotation.ClassPathScanningCandidateComponentProvider - Identified candidate component class: file [C:\Users\ghk78\IdeaProjects\stock-backend\build\classes\java\main\com\stock\spring\Application.class]
00:12:47.563 [Test worker] INFO org.springframework.boot.test.context.SpringBootTestContextBootstrapper - Found @SpringBootConfiguration com.stock.spring.Application for test class com.stock.spring.domain.company.CompanyInfoTest
00:12:47.786 [Test worker] DEBUG org.springframework.boot.test.context.SpringBootTestContextBootstrapper - @TestExecutionListeners is not present for class [com.stock.spring.domain.company.CompanyInfoTest]: using defaults.
00:12:47.786 [Test worker] INFO org.springframework.boot.test.context.SpringBootTestContextBootstrapper - Loaded default TestExecutionListener class names from location [META-INF/spring.factories]: [org.springframework.boot.test.autoconfigure.restdocs.RestDocsTestExecutionListener, org.springframework.boot.test.autoconfigure.web.client.MockRestServiceServerResetTestExecutionListener, org.springframework.boot.test.autoconfigure.web.servlet.MockMvcPrintOnlyOnFailureTestExecutionListener, org.springframework.boot.test.autoconfigure.web.servlet.WebDriverTestExecutionListener, org.springframework.boot.test.mock.mockito.MockitoTestExecutionListener, org.springframework.boot.test.mock.mockito.ResetMocksTestExecutionListener, org.springframework.test.context.web.ServletTestExecutionListener, org.springframework.test.context.support.DirtiesContextBeforeModesTestExecutionListener, org.springframework.test.context.support.DependencyInjectionTestExecutionListener, org.springframework.test.context.support.DirtiesContextTestExecutionListener, org.springframework.test.context.transaction.TransactionalTestExecutionListener, org.springframework.test.context.jdbc.SqlScriptsTestExecutionListener]
00:12:47.817 [Test worker] INFO org.springframework.boot.test.context.SpringBootTestContextBootstrapper - Using TestExecutionListeners: [org.springframework.test.context.web.ServletTestExecutionListener@35a54c71, org.springframework.test.context.support.DirtiesContextBeforeModesTestExecutionListener@448b10cd, org.springframework.boot.test.mock.mockito.MockitoTestExecutionListener@156b01b7, org.springframework.boot.test.autoconfigure.SpringBootDependencyInjectionTestExecutionListener@13b84d22, org.springframework.test.context.support.DirtiesContextTestExecutionListener@c615de0, org.springframework.test.context.transaction.TransactionalTestExecutionListener@10f039d9, org.springframework.test.context.jdbc.SqlScriptsTestExecutionListener@5ddbe4c9, org.springframework.boot.test.autoconfigure.restdocs.RestDocsTestExecutionListener@c5b630d, org.springframework.boot.test.autoconfigure.web.client.MockRestServiceServerResetTestExecutionListener@a53b13b, org.springframework.boot.test.autoconfigure.web.servlet.MockMvcPrintOnlyOnFailureTestExecutionListener@1bfc6f59, org.springframework.boot.test.autoconfigure.web.servlet.WebDriverTestExecutionListener@19833d43, org.springframework.boot.test.mock.mockito.ResetMocksTestExecutionListener@4e176675]
00:12:47.848 [Test worker] DEBUG org.springframework.test.annotation.ProfileValueUtils - Retrieved @ProfileValueSourceConfiguration [null] for test class [com.stock.spring.domain.company.CompanyInfoTest]
00:12:47.848 [Test worker] DEBUG org.springframework.test.annotation.ProfileValueUtils - Retrieved ProfileValueSource type [class org.springframework.test.annotation.SystemProfileValueSource] for class [com.stock.spring.domain.company.CompanyInfoTest]
00:12:47.902 [Test worker] DEBUG org.springframework.test.annotation.ProfileValueUtils - Retrieved @ProfileValueSourceConfiguration [null] for test class [com.stock.spring.domain.company.CompanyInfoTest]
00:12:47.902 [Test worker] DEBUG org.springframework.test.annotation.ProfileValueUtils - Retrieved ProfileValueSource type [class org.springframework.test.annotation.SystemProfileValueSource] for class [com.stock.spring.domain.company.CompanyInfoTest]
00:12:47.902 [Test worker] DEBUG org.springframework.test.annotation.ProfileValueUtils - Retrieved @ProfileValueSourceConfiguration [null] for test class [com.stock.spring.domain.company.CompanyInfoTest]
00:12:47.902 [Test worker] DEBUG org.springframework.test.annotation.ProfileValueUtils - Retrieved ProfileValueSource type [class org.springframework.test.annotation.SystemProfileValueSource] for class [com.stock.spring.domain.company.CompanyInfoTest]
00:12:47.917 [Test worker] DEBUG org.springframework.test.context.support.AbstractDirtiesContextTestExecutionListener - Before test class: context [DefaultTestContext@5c8bc5c9 testClass = CompanyInfoTest, testInstance = [null], testMethod = [null], testException = [null], mergedContextConfiguration = [WebMergedContextConfiguration@6b80aa28 testClass = CompanyInfoTest, locations = '{}', classes = '{class com.stock.spring.Application}', contextInitializerClasses = '[]', activeProfiles = '{}', propertySourceLocations = '{}', propertySourceProperties = '{org.springframework.boot.test.context.SpringBootTestContextBootstrapper=true}', contextCustomizers = set[org.springframework.boot.test.autoconfigure.properties.PropertyMappingContextCustomizer@0, org.springframework.boot.test.autoconfigure.web.servlet.WebDriverContextCustomizerFactory$Customizer@fd5d719, org.springframework.boot.test.context.filter.ExcludeFilterContextCustomizer@63c7188, org.springframework.boot.test.json.DuplicateJsonObjectContextCustomizerFactory$DuplicateJsonObjectContextCustomizer@1621157e, org.springframework.boot.test.mock.mockito.MockitoContextCustomizer@0, org.springframework.boot.test.web.client.TestRestTemplateContextCustomizer@27577ba4], resourceBasePath = 'src/main/webapp', contextLoader = 'org.springframework.boot.test.context.SpringBootContextLoader', parent = [null]], attributes = map['org.springframework.test.context.web.ServletTestExecutionListener.activateListener' -> true]], class annotated with @DirtiesContext [false] with mode [null].
00:12:47.917 [Test worker] DEBUG org.springframework.test.annotation.ProfileValueUtils - Retrieved @ProfileValueSourceConfiguration [null] for test class [com.stock.spring.domain.company.CompanyInfoTest]
00:12:47.917 [Test worker] DEBUG org.springframework.test.annotation.ProfileValueUtils - Retrieved ProfileValueSource type [class org.springframework.test.annotation.SystemProfileValueSource] for class [com.stock.spring.domain.company.CompanyInfoTest]
00:12:48.009 [Test worker] DEBUG org.springframework.test.context.support.TestPropertySourceUtils - Adding inlined properties to environment: {spring.jmx.enabled=false, org.springframework.boot.test.context.SpringBootTestContextBootstrapper=true, server.port=-1}

  .   ____          _            __ _ _
 /\\ / ___'_ __ _ _(_)_ __  __ _ \ \ \ \
( ( )\___ | '_ | '_| | '_ \/ _` | \ \ \ \
 \\/  ___)| |_)| | | | | || (_| |  ) ) ) )
  '  |____| .__|_| |_|_| |_\__, | / / / /
 =========|_|==============|___/=/_/_/_/
 :: Spring Boot ::        (v2.1.9.RELEASE)

2021-05-08 00:12:48.654  INFO 5276 --- [    Test worker] c.s.s.domain.company.CompanyInfoTest     : Starting CompanyInfoTest on DESKTOP-7JD9H7O with PID 5276 (started by ghk78 in C:\Users\ghk78\IdeaProjects\stock-backend)
2021-05-08 00:12:48.669  INFO 5276 --- [    Test worker] c.s.s.domain.company.CompanyInfoTest     : No active profile set, falling back to default profiles: default
2021-05-08 00:12:50.753  INFO 5276 --- [    Test worker] .s.d.r.c.RepositoryConfigurationDelegate : Bootstrapping Spring Data repositories in DEFAULT mode.
2021-05-08 00:12:50.870  INFO 5276 --- [    Test worker] .s.d.r.c.RepositoryConfigurationDelegate : Finished Spring Data repository scanning in 85ms. Found 1 repository interfaces.
2021-05-08 00:12:51.818  INFO 5276 --- [    Test worker] trationDelegate$BeanPostProcessorChecker : Bean 'org.springframework.transaction.annotation.ProxyTransactionManagementConfiguration' of type [org.springframework.transaction.annotation.ProxyTransactionManagementConfiguration$$EnhancerBySpringCGLIB$$c088febc] is not eligible for getting processed by all BeanPostProcessors (for example: not eligible for auto-proxying)
2021-05-08 00:12:52.338  INFO 5276 --- [    Test worker] com.zaxxer.hikari.HikariDataSource       : HikariPool-1 - Starting...
2021-05-08 00:12:52.541  INFO 5276 --- [    Test worker] com.zaxxer.hikari.HikariDataSource       : HikariPool-1 - Start completed.
2021-05-08 00:12:52.699  INFO 5276 --- [    Test worker] o.hibernate.jpa.internal.util.LogHelper  : HHH000204: Processing PersistenceUnitInfo [
	name: default
	...]
2021-05-08 00:12:52.981  INFO 5276 --- [    Test worker] org.hibernate.Version                    : HHH000412: Hibernate Core {5.3.12.Final}
2021-05-08 00:12:52.987  INFO 5276 --- [    Test worker] org.hibernate.cfg.Environment            : HHH000206: hibernate.properties not found
2021-05-08 00:12:53.234  INFO 5276 --- [    Test worker] o.hibernate.annotations.common.Version   : HCANN000001: Hibernate Commons Annotations {5.0.4.Final}
2021-05-08 00:12:53.486  INFO 5276 --- [    Test worker] org.hibernate.dialect.Dialect            : HHH000400: Using dialect: org.hibernate.dialect.MySQL5InnoDBDialect
Hibernate: drop table if exists company_info
Hibernate: create table company_info (id bigint not null auto_increment, company_id varchar(255) not null, market varchar(255) not null, name varchar(255) not null, primary key (id)) engine=InnoDB
2021-05-08 00:12:54.683  INFO 5276 --- [    Test worker] o.h.t.schema.internal.SchemaCreatorImpl  : HHH000476: Executing import script 'org.hibernate.tool.schema.internal.exec.ScriptSourceInputNonExistentImpl@4b2446ce'
2021-05-08 00:12:54.683  INFO 5276 --- [    Test worker] j.LocalContainerEntityManagerFactoryBean : Initialized JPA EntityManagerFactory for persistence unit 'default'
2021-05-08 00:12:56.517  INFO 5276 --- [    Test worker] o.s.s.concurrent.ThreadPoolTaskExecutor  : Initializing ExecutorService 'applicationTaskExecutor'
2021-05-08 00:12:56.618  WARN 5276 --- [    Test worker] aWebConfiguration$JpaWebMvcConfiguration : spring.jpa.open-in-view is enabled by default. Therefore, database queries may be performed during view rendering. Explicitly configure spring.jpa.open-in-view to disable this warning
2021-05-08 00:12:56.884  WARN 5276 --- [    Test worker] o.s.b.a.m.MustacheAutoConfiguration      : Cannot find template location: classpath:/templates/ (please add some templates, check your Mustache configuration, or set spring.mustache.check-template-location=false)
2021-05-08 00:12:57.506  INFO 5276 --- [    Test worker] .s.s.UserDetailsServiceAutoConfiguration : 

Using generated security password: a88e47da-c1af-4931-9274-2ea3995177a6

2021-05-08 00:12:57.904  INFO 5276 --- [    Test worker] o.s.s.web.DefaultSecurityFilterChain     : Creating filter chain: any request, [org.springframework.security.web.context.request.async.WebAsyncManagerIntegrationFilter@78670706, org.springframework.security.web.context.SecurityContextPersistenceFilter@6f91d262, org.springframework.security.web.header.HeaderWriterFilter@ce16b31, org.springframework.security.web.csrf.CsrfFilter@26b8398a, org.springframework.security.web.authentication.logout.LogoutFilter@ab9680b, org.springframework.security.web.authentication.UsernamePasswordAuthenticationFilter@39b8192b, org.springframework.security.web.authentication.ui.DefaultLoginPageGeneratingFilter@788467c9, org.springframework.security.web.authentication.ui.DefaultLogoutPageGeneratingFilter@6b261073, org.springframework.security.web.authentication.www.BasicAuthenticationFilter@755c1469, org.springframework.security.web.savedrequest.RequestCacheAwareFilter@5cb247ff, org.springframework.security.web.servletapi.SecurityContextHolderAwareRequestFilter@681b5755, org.springframework.security.web.authentication.AnonymousAuthenticationFilter@3879953d, org.springframework.security.web.session.SessionManagementFilter@369462d6, org.springframework.security.web.access.ExceptionTranslationFilter@33349cd9, org.springframework.security.web.access.intercept.FilterSecurityInterceptor@19f292f4]
2021-05-08 00:12:58.343  INFO 5276 --- [    Test worker] s.a.ScheduledAnnotationBeanPostProcessor : No TaskScheduler/ScheduledExecutorService bean found for scheduled processing
2021-05-08 00:12:58.368  INFO 5276 --- [    Test worker] c.s.s.domain.company.CompanyInfoTest     : Started CompanyInfoTest in 10.332 seconds (JVM running for 12.275)
Hibernate: insert into company_info (company_id, market, name) values (?, ?, ?)
2021-05-08 00:12:58.878  INFO 5276 --- [    Test worker] o.h.h.i.QueryTranslatorFactoryInitiator  : HHH000397: Using ASTQueryTranslatorFactory
Hibernate: select companyinf0_.id as id1_0_, companyinf0_.company_id as company_2_0_, companyinf0_.market as market3_0_, companyinf0_.name as name4_0_ from company_info companyinf0_
Hibernate: select companyinf0_.id as id1_0_, companyinf0_.company_id as company_2_0_, companyinf0_.market as market3_0_, companyinf0_.name as name4_0_ from company_info companyinf0_
Hibernate: delete from company_info where id=?
]]></system-out>
  <system-err><![CDATA[]]></system-err>
</testsuite>
